{"/home/rofinugraha/my-node-projects/auth-api/src/Applications/security/PasswordHash.js": {"path":"/home/rofinugraha/my-node-projects/auth-api/src/Applications/security/PasswordHash.js","statementMap":{"0":{"start":{"line":3,"column":4},"end":{"line":3,"column":60}},"1":{"start":{"line":7,"column":4},"end":{"line":7,"column":60}},"2":{"start":{"line":11,"column":0},"end":{"line":11,"column":30}}},"fnMap":{"0":{"name":"(anonymous_0)","decl":{"start":{"line":2,"column":2},"end":{"line":2,"column":3}},"loc":{"start":{"line":2,"column":23},"end":{"line":4,"column":3}},"line":2},"1":{"name":"(anonymous_1)","decl":{"start":{"line":6,"column":2},"end":{"line":6,"column":3}},"loc":{"start":{"line":6,"column":46},"end":{"line":8,"column":3}},"line":6}},"branchMap":{},"s":{"0":1,"1":1,"2":6},"f":{"0":1,"1":1},"b":{},"_coverageSchema":"1a1c01bbd47fc00a2c39e90264f33305004495a9","hash":"2b4d71ad1ed14b11a53a7832a52e7bf766bd667e"}
,"/home/rofinugraha/my-node-projects/auth-api/src/Applications/security/TokenManager.js": {"path":"/home/rofinugraha/my-node-projects/auth-api/src/Applications/security/TokenManager.js","statementMap":{"0":{"start":{"line":3,"column":4},"end":{"line":3,"column":60}},"1":{"start":{"line":7,"column":4},"end":{"line":7,"column":60}},"2":{"start":{"line":11,"column":4},"end":{"line":11,"column":60}},"3":{"start":{"line":15,"column":4},"end":{"line":15,"column":60}},"4":{"start":{"line":19,"column":0},"end":{"line":19,"column":30}}},"fnMap":{"0":{"name":"(anonymous_0)","decl":{"start":{"line":2,"column":2},"end":{"line":2,"column":3}},"loc":{"start":{"line":2,"column":37},"end":{"line":4,"column":3}},"line":2},"1":{"name":"(anonymous_1)","decl":{"start":{"line":6,"column":2},"end":{"line":6,"column":3}},"loc":{"start":{"line":6,"column":38},"end":{"line":8,"column":3}},"line":6},"2":{"name":"(anonymous_2)","decl":{"start":{"line":10,"column":2},"end":{"line":10,"column":3}},"loc":{"start":{"line":10,"column":41},"end":{"line":12,"column":3}},"line":10},"3":{"name":"(anonymous_3)","decl":{"start":{"line":14,"column":2},"end":{"line":14,"column":3}},"loc":{"start":{"line":14,"column":36},"end":{"line":16,"column":3}},"line":14}},"branchMap":{},"s":{"0":1,"1":1,"2":1,"3":1,"4":6},"f":{"0":1,"1":1,"2":1,"3":1},"b":{},"_coverageSchema":"1a1c01bbd47fc00a2c39e90264f33305004495a9","hash":"dafdce260b0d48b479bfbb894d4b384c05a78bb7"}
,"/home/rofinugraha/my-node-projects/auth-api/src/Applications/use_cases/AddUserUseCase.js": {"path":"/home/rofinugraha/my-node-projects/auth-api/src/Applications/use_cases/AddUserUseCase.js","statementMap":{"0":{"start":{"line":1,"column":21},"end":{"line":1,"column":73}},"1":{"start":{"line":5,"column":4},"end":{"line":5,"column":42}},"2":{"start":{"line":6,"column":4},"end":{"line":6,"column":38}},"3":{"start":{"line":10,"column":25},"end":{"line":10,"column":57}},"4":{"start":{"line":11,"column":4},"end":{"line":11,"column":81}},"5":{"start":{"line":12,"column":4},"end":{"line":12,"column":81}},"6":{"start":{"line":13,"column":4},"end":{"line":13,"column":54}},"7":{"start":{"line":17,"column":0},"end":{"line":17,"column":32}}},"fnMap":{"0":{"name":"(anonymous_0)","decl":{"start":{"line":4,"column":2},"end":{"line":4,"column":3}},"loc":{"start":{"line":4,"column":48},"end":{"line":7,"column":3}},"line":4},"1":{"name":"(anonymous_1)","decl":{"start":{"line":9,"column":2},"end":{"line":9,"column":3}},"loc":{"start":{"line":9,"column":32},"end":{"line":14,"column":3}},"line":9}},"branchMap":{},"s":{"0":3,"1":3,"2":3,"3":11,"4":7,"5":6,"6":6,"7":3},"f":{"0":3,"1":11},"b":{},"_coverageSchema":"1a1c01bbd47fc00a2c39e90264f33305004495a9","hash":"ec0a93500df40656b7da057cee5b45fa31b24537"}
,"/home/rofinugraha/my-node-projects/auth-api/src/Applications/use_cases/LoginUseCase.js": {"path":"/home/rofinugraha/my-node-projects/auth-api/src/Applications/use_cases/LoginUseCase.js","statementMap":{"0":{"start":{"line":1,"column":18},"end":{"line":1,"column":67}},"1":{"start":{"line":2,"column":23},"end":{"line":2,"column":87}},"2":{"start":{"line":8,"column":4},"end":{"line":8,"column":42}},"3":{"start":{"line":9,"column":4},"end":{"line":9,"column":42}},"4":{"start":{"line":10,"column":4},"end":{"line":10,"column":38}},"5":{"start":{"line":11,"column":4},"end":{"line":11,"column":38}},"6":{"start":{"line":15,"column":35},"end":{"line":15,"column":64}},"7":{"start":{"line":16,"column":27},"end":{"line":16,"column":75}},"8":{"start":{"line":17,"column":4},"end":{"line":17,"column":63}},"9":{"start":{"line":18,"column":15},"end":{"line":18,"column":57}},"10":{"start":{"line":20,"column":24},"end":{"line":20,"column":86}},"11":{"start":{"line":21,"column":25},"end":{"line":21,"column":88}},"12":{"start":{"line":22,"column":27},"end":{"line":22,"column":76}},"13":{"start":{"line":23,"column":4},"end":{"line":23,"column":76}},"14":{"start":{"line":24,"column":4},"end":{"line":24,"column":26}},"15":{"start":{"line":28,"column":0},"end":{"line":28,"column":30}}},"fnMap":{"0":{"name":"(anonymous_0)","decl":{"start":{"line":5,"column":2},"end":{"line":5,"column":3}},"loc":{"start":{"line":7,"column":5},"end":{"line":12,"column":3}},"line":7},"1":{"name":"(anonymous_1)","decl":{"start":{"line":14,"column":2},"end":{"line":14,"column":3}},"loc":{"start":{"line":14,"column":32},"end":{"line":25,"column":3}},"line":14}},"branchMap":{},"s":{"0":3,"1":3,"2":2,"3":2,"4":2,"5":2,"6":8,"7":6,"8":4,"9":3,"10":3,"11":3,"12":3,"13":3,"14":3,"15":3},"f":{"0":2,"1":8},"b":{},"_coverageSchema":"1a1c01bbd47fc00a2c39e90264f33305004495a9","hash":"b48a4f0b8ad1266c6133824884879f7a9480417d"}
,"/home/rofinugraha/my-node-projects/auth-api/src/Applications/use_cases/LogoutUseCase.js": {"path":"/home/rofinugraha/my-node-projects/auth-api/src/Applications/use_cases/LogoutUseCase.js","statementMap":{"0":{"start":{"line":1,"column":19},"end":{"line":1,"column":69}},"1":{"start":{"line":5,"column":4},"end":{"line":5,"column":42}},"2":{"start":{"line":9,"column":29},"end":{"line":9,"column":59}},"3":{"start":{"line":10,"column":4},"end":{"line":10,"column":63}},"4":{"start":{"line":11,"column":4},"end":{"line":11,"column":64}},"5":{"start":{"line":15,"column":0},"end":{"line":15,"column":31}}},"fnMap":{"0":{"name":"(anonymous_0)","decl":{"start":{"line":4,"column":2},"end":{"line":4,"column":3}},"loc":{"start":{"line":4,"column":34},"end":{"line":6,"column":3}},"line":4},"1":{"name":"(anonymous_1)","decl":{"start":{"line":8,"column":2},"end":{"line":8,"column":3}},"loc":{"start":{"line":8,"column":32},"end":{"line":12,"column":3}},"line":8}},"branchMap":{},"s":{"0":3,"1":2,"2":6,"3":4,"4":3,"5":3},"f":{"0":2,"1":6},"b":{},"_coverageSchema":"1a1c01bbd47fc00a2c39e90264f33305004495a9","hash":"768678486cb260d2879971e4185272bf1de5c770"}
,"/home/rofinugraha/my-node-projects/auth-api/src/Applications/use_cases/RefreshTokenUseCase.js": {"path":"/home/rofinugraha/my-node-projects/auth-api/src/Applications/use_cases/RefreshTokenUseCase.js","statementMap":{"0":{"start":{"line":1,"column":21},"end":{"line":1,"column":73}},"1":{"start":{"line":5,"column":4},"end":{"line":5,"column":42}},"2":{"start":{"line":6,"column":4},"end":{"line":6,"column":38}},"3":{"start":{"line":10,"column":29},"end":{"line":10,"column":61}},"4":{"start":{"line":11,"column":4},"end":{"line":11,"column":62}},"5":{"start":{"line":12,"column":4},"end":{"line":12,"column":63}},"6":{"start":{"line":13,"column":29},"end":{"line":13,"column":81}},"7":{"start":{"line":14,"column":24},"end":{"line":14,"column":86}},"8":{"start":{"line":15,"column":4},"end":{"line":15,"column":23}},"9":{"start":{"line":19,"column":0},"end":{"line":19,"column":37}}},"fnMap":{"0":{"name":"(anonymous_0)","decl":{"start":{"line":4,"column":2},"end":{"line":4,"column":3}},"loc":{"start":{"line":4,"column":48},"end":{"line":7,"column":3}},"line":4},"1":{"name":"(anonymous_1)","decl":{"start":{"line":9,"column":2},"end":{"line":9,"column":3}},"loc":{"start":{"line":9,"column":32},"end":{"line":16,"column":3}},"line":9}},"branchMap":{},"s":{"0":3,"1":4,"2":4,"3":7,"4":3,"5":2,"6":2,"7":2,"8":2,"9":3},"f":{"0":4,"1":7},"b":{},"_coverageSchema":"1a1c01bbd47fc00a2c39e90264f33305004495a9","hash":"7662327a9c0abf797a50a482db256633df45db8d"}
,"/home/rofinugraha/my-node-projects/auth-api/src/Commons/exceptions/AuthenticationError.js": {"path":"/home/rofinugraha/my-node-projects/auth-api/src/Commons/exceptions/AuthenticationError.js","statementMap":{"0":{"start":{"line":1,"column":20},"end":{"line":1,"column":44}},"1":{"start":{"line":5,"column":4},"end":{"line":5,"column":24}},"2":{"start":{"line":6,"column":4},"end":{"line":6,"column":38}},"3":{"start":{"line":10,"column":0},"end":{"line":10,"column":37}}},"fnMap":{"0":{"name":"(anonymous_0)","decl":{"start":{"line":4,"column":2},"end":{"line":4,"column":3}},"loc":{"start":{"line":4,"column":23},"end":{"line":7,"column":3}},"line":4}},"branchMap":{},"s":{"0":4,"1":3,"2":3,"3":4},"f":{"0":3},"b":{},"_coverageSchema":"1a1c01bbd47fc00a2c39e90264f33305004495a9","hash":"b0d30a8cad825e773dbce0d85250a99236e6875f"}
,"/home/rofinugraha/my-node-projects/auth-api/src/Commons/exceptions/ClientError.js": {"path":"/home/rofinugraha/my-node-projects/auth-api/src/Commons/exceptions/ClientError.js","statementMap":{"0":{"start":{"line":3,"column":4},"end":{"line":3,"column":19}},"1":{"start":{"line":5,"column":4},"end":{"line":7,"column":5}},"2":{"start":{"line":6,"column":6},"end":{"line":6,"column":66}},"3":{"start":{"line":9,"column":4},"end":{"line":9,"column":30}},"4":{"start":{"line":10,"column":4},"end":{"line":10,"column":33}},"5":{"start":{"line":14,"column":0},"end":{"line":14,"column":29}}},"fnMap":{"0":{"name":"(anonymous_0)","decl":{"start":{"line":2,"column":2},"end":{"line":2,"column":3}},"loc":{"start":{"line":2,"column":41},"end":{"line":11,"column":3}},"line":2}},"branchMap":{"0":{"loc":{"start":{"line":2,"column":23},"end":{"line":2,"column":39}},"type":"default-arg","locations":[{"start":{"line":2,"column":36},"end":{"line":2,"column":39}}],"line":2},"1":{"loc":{"start":{"line":5,"column":4},"end":{"line":7,"column":5}},"type":"if","locations":[{"start":{"line":5,"column":4},"end":{"line":7,"column":5}},{"start":{},"end":{}}],"line":5}},"s":{"0":48,"1":48,"2":1,"3":47,"4":47,"5":11},"f":{"0":48},"b":{"0":[44],"1":[1,47]},"_coverageSchema":"1a1c01bbd47fc00a2c39e90264f33305004495a9","hash":"0f040d1c6c4168c5df82ae7ac6289470b421bb22"}
,"/home/rofinugraha/my-node-projects/auth-api/src/Commons/exceptions/DomainErrorTranslator.js": {"path":"/home/rofinugraha/my-node-projects/auth-api/src/Commons/exceptions/DomainErrorTranslator.js","statementMap":{"0":{"start":{"line":1,"column":23},"end":{"line":1,"column":50}},"1":{"start":{"line":3,"column":30},"end":{"line":7,"column":1}},"2":{"start":{"line":5,"column":4},"end":{"line":5,"column":70}},"3":{"start":{"line":9,"column":0},"end":{"line":26,"column":2}},"4":{"start":{"line":28,"column":0},"end":{"line":28,"column":39}}},"fnMap":{"0":{"name":"(anonymous_0)","decl":{"start":{"line":4,"column":2},"end":{"line":4,"column":3}},"loc":{"start":{"line":4,"column":19},"end":{"line":6,"column":3}},"line":4}},"branchMap":{"0":{"loc":{"start":{"line":5,"column":11},"end":{"line":5,"column":69}},"type":"binary-expr","locations":[{"start":{"line":5,"column":11},"end":{"line":5,"column":60}},{"start":{"line":5,"column":64},"end":{"line":5,"column":69}}],"line":5}},"s":{"0":3,"1":3,"2":27,"3":3,"4":3},"f":{"0":27},"b":{"0":[27,11]},"_coverageSchema":"1a1c01bbd47fc00a2c39e90264f33305004495a9","hash":"c36adee8c469754e90e208432a124e3abde9214d"}
,"/home/rofinugraha/my-node-projects/auth-api/src/Commons/exceptions/InvariantError.js": {"path":"/home/rofinugraha/my-node-projects/auth-api/src/Commons/exceptions/InvariantError.js","statementMap":{"0":{"start":{"line":1,"column":20},"end":{"line":1,"column":44}},"1":{"start":{"line":5,"column":4},"end":{"line":5,"column":19}},"2":{"start":{"line":6,"column":4},"end":{"line":6,"column":33}},"3":{"start":{"line":10,"column":0},"end":{"line":10,"column":32}}},"fnMap":{"0":{"name":"(anonymous_0)","decl":{"start":{"line":4,"column":2},"end":{"line":4,"column":3}},"loc":{"start":{"line":4,"column":23},"end":{"line":7,"column":3}},"line":4}},"branchMap":{},"s":{"0":7,"1":43,"2":43,"3":7},"f":{"0":43},"b":{},"_coverageSchema":"1a1c01bbd47fc00a2c39e90264f33305004495a9","hash":"1ba02a81a712b49fd58e74ddab346f801db63fe0"}
,"/home/rofinugraha/my-node-projects/auth-api/src/Commons/exceptions/NotFoundError.js": {"path":"/home/rofinugraha/my-node-projects/auth-api/src/Commons/exceptions/NotFoundError.js","statementMap":{"0":{"start":{"line":1,"column":20},"end":{"line":1,"column":44}},"1":{"start":{"line":5,"column":4},"end":{"line":5,"column":24}},"2":{"start":{"line":6,"column":4},"end":{"line":6,"column":32}},"3":{"start":{"line":10,"column":0},"end":{"line":10,"column":31}}},"fnMap":{"0":{"name":"(anonymous_0)","decl":{"start":{"line":4,"column":2},"end":{"line":4,"column":3}},"loc":{"start":{"line":4,"column":23},"end":{"line":7,"column":3}},"line":4}},"branchMap":{},"s":{"0":1,"1":1,"2":1,"3":1},"f":{"0":1},"b":{},"_coverageSchema":"1a1c01bbd47fc00a2c39e90264f33305004495a9","hash":"9b4cf08aeb4f196059e63a926389ec4f997af108"}
,"/home/rofinugraha/my-node-projects/auth-api/src/Domains/authentications/AuthRepository.js": {"path":"/home/rofinugraha/my-node-projects/auth-api/src/Domains/authentications/AuthRepository.js","statementMap":{"0":{"start":{"line":3,"column":4},"end":{"line":3,"column":62}},"1":{"start":{"line":7,"column":4},"end":{"line":7,"column":62}},"2":{"start":{"line":11,"column":4},"end":{"line":11,"column":62}},"3":{"start":{"line":15,"column":0},"end":{"line":15,"column":32}}},"fnMap":{"0":{"name":"(anonymous_0)","decl":{"start":{"line":2,"column":2},"end":{"line":2,"column":3}},"loc":{"start":{"line":2,"column":38},"end":{"line":4,"column":3}},"line":2},"1":{"name":"(anonymous_1)","decl":{"start":{"line":6,"column":2},"end":{"line":6,"column":3}},"loc":{"start":{"line":6,"column":40},"end":{"line":8,"column":3}},"line":6},"2":{"name":"(anonymous_2)","decl":{"start":{"line":10,"column":2},"end":{"line":10,"column":3}},"loc":{"start":{"line":10,"column":41},"end":{"line":12,"column":3}},"line":10}},"branchMap":{},"s":{"0":1,"1":1,"2":1,"3":7},"f":{"0":1,"1":1,"2":1},"b":{},"_coverageSchema":"1a1c01bbd47fc00a2c39e90264f33305004495a9","hash":"5042a6c8d58ac88a89f10c036b0dbfbe67ec3e67"}
,"/home/rofinugraha/my-node-projects/auth-api/src/Domains/authentications/entities/Authentication.js": {"path":"/home/rofinugraha/my-node-projects/auth-api/src/Domains/authentications/entities/Authentication.js","statementMap":{"0":{"start":{"line":3,"column":4},"end":{"line":3,"column":38}},"1":{"start":{"line":5,"column":42},"end":{"line":5,"column":49}},"2":{"start":{"line":7,"column":4},"end":{"line":7,"column":35}},"3":{"start":{"line":8,"column":4},"end":{"line":8,"column":37}},"4":{"start":{"line":12,"column":4},"end":{"line":14,"column":5}},"5":{"start":{"line":13,"column":6},"end":{"line":13,"column":69}},"6":{"start":{"line":16,"column":4},"end":{"line":18,"column":5}},"7":{"start":{"line":17,"column":6},"end":{"line":17,"column":73}},"8":{"start":{"line":22,"column":0},"end":{"line":22,"column":32}}},"fnMap":{"0":{"name":"(anonymous_0)","decl":{"start":{"line":2,"column":2},"end":{"line":2,"column":3}},"loc":{"start":{"line":2,"column":23},"end":{"line":9,"column":3}},"line":2},"1":{"name":"(anonymous_1)","decl":{"start":{"line":11,"column":2},"end":{"line":11,"column":3}},"loc":{"start":{"line":11,"column":53},"end":{"line":19,"column":3}},"line":11}},"branchMap":{"0":{"loc":{"start":{"line":12,"column":4},"end":{"line":14,"column":5}},"type":"if","locations":[{"start":{"line":12,"column":4},"end":{"line":14,"column":5}},{"start":{},"end":{}}],"line":12},"1":{"loc":{"start":{"line":12,"column":8},"end":{"line":12,"column":37}},"type":"binary-expr","locations":[{"start":{"line":12,"column":8},"end":{"line":12,"column":20}},{"start":{"line":12,"column":24},"end":{"line":12,"column":37}}],"line":12},"2":{"loc":{"start":{"line":16,"column":4},"end":{"line":18,"column":5}},"type":"if","locations":[{"start":{"line":16,"column":4},"end":{"line":18,"column":5}},{"start":{},"end":{}}],"line":16},"3":{"loc":{"start":{"line":16,"column":8},"end":{"line":16,"column":75}},"type":"binary-expr","locations":[{"start":{"line":16,"column":8},"end":{"line":16,"column":39}},{"start":{"line":16,"column":43},"end":{"line":16,"column":75}}],"line":16}},"s":{"0":7,"1":5,"2":5,"3":5,"4":7,"5":1,"6":6,"7":1,"8":4},"f":{"0":7,"1":7},"b":{"0":[1,6],"1":[7,7],"2":[1,5],"3":[6,6]},"_coverageSchema":"1a1c01bbd47fc00a2c39e90264f33305004495a9","hash":"7d03fb0f31cc4b70a853e6f03fc6b6476f0af6c1"}
,"/home/rofinugraha/my-node-projects/auth-api/src/Domains/users/UserRepository.js": {"path":"/home/rofinugraha/my-node-projects/auth-api/src/Domains/users/UserRepository.js","statementMap":{"0":{"start":{"line":3,"column":4},"end":{"line":3,"column":62}},"1":{"start":{"line":7,"column":4},"end":{"line":7,"column":62}},"2":{"start":{"line":11,"column":4},"end":{"line":11,"column":62}},"3":{"start":{"line":15,"column":4},"end":{"line":15,"column":62}},"4":{"start":{"line":19,"column":0},"end":{"line":19,"column":32}}},"fnMap":{"0":{"name":"(anonymous_0)","decl":{"start":{"line":2,"column":2},"end":{"line":2,"column":3}},"loc":{"start":{"line":2,"column":30},"end":{"line":4,"column":3}},"line":2},"1":{"name":"(anonymous_1)","decl":{"start":{"line":6,"column":2},"end":{"line":6,"column":3}},"loc":{"start":{"line":6,"column":45},"end":{"line":8,"column":3}},"line":6},"2":{"name":"(anonymous_2)","decl":{"start":{"line":10,"column":2},"end":{"line":10,"column":3}},"loc":{"start":{"line":10,"column":30},"end":{"line":12,"column":3}},"line":10},"3":{"name":"(anonymous_3)","decl":{"start":{"line":14,"column":2},"end":{"line":14,"column":3}},"loc":{"start":{"line":14,"column":24},"end":{"line":16,"column":3}},"line":14}},"branchMap":{},"s":{"0":1,"1":1,"2":1,"3":1,"4":6},"f":{"0":1,"1":1,"2":1,"3":1},"b":{},"_coverageSchema":"1a1c01bbd47fc00a2c39e90264f33305004495a9","hash":"2ed1af277cb221ade7f853d2c86fa3f1ca347e3f"}
,"/home/rofinugraha/my-node-projects/auth-api/src/Domains/users/entities/LoginUser.js": {"path":"/home/rofinugraha/my-node-projects/auth-api/src/Domains/users/entities/LoginUser.js","statementMap":{"0":{"start":{"line":3,"column":4},"end":{"line":3,"column":38}},"1":{"start":{"line":4,"column":35},"end":{"line":4,"column":42}},"2":{"start":{"line":5,"column":4},"end":{"line":5,"column":29}},"3":{"start":{"line":6,"column":4},"end":{"line":6,"column":29}},"4":{"start":{"line":10,"column":4},"end":{"line":12,"column":5}},"5":{"start":{"line":11,"column":6},"end":{"line":11,"column":65}},"6":{"start":{"line":14,"column":4},"end":{"line":16,"column":5}},"7":{"start":{"line":15,"column":6},"end":{"line":15,"column":69}},"8":{"start":{"line":20,"column":0},"end":{"line":20,"column":27}}},"fnMap":{"0":{"name":"(anonymous_0)","decl":{"start":{"line":2,"column":2},"end":{"line":2,"column":3}},"loc":{"start":{"line":2,"column":23},"end":{"line":7,"column":3}},"line":2},"1":{"name":"(anonymous_1)","decl":{"start":{"line":9,"column":2},"end":{"line":9,"column":3}},"loc":{"start":{"line":9,"column":46},"end":{"line":17,"column":3}},"line":9}},"branchMap":{"0":{"loc":{"start":{"line":10,"column":4},"end":{"line":12,"column":5}},"type":"if","locations":[{"start":{"line":10,"column":4},"end":{"line":12,"column":5}},{"start":{},"end":{}}],"line":10},"1":{"loc":{"start":{"line":10,"column":8},"end":{"line":10,"column":30}},"type":"binary-expr","locations":[{"start":{"line":10,"column":8},"end":{"line":10,"column":17}},{"start":{"line":10,"column":21},"end":{"line":10,"column":30}}],"line":10},"2":{"loc":{"start":{"line":14,"column":4},"end":{"line":16,"column":5}},"type":"if","locations":[{"start":{"line":14,"column":4},"end":{"line":16,"column":5}},{"start":{},"end":{}}],"line":14},"3":{"loc":{"start":{"line":14,"column":8},"end":{"line":14,"column":68}},"type":"binary-expr","locations":[{"start":{"line":14,"column":8},"end":{"line":14,"column":36}},{"start":{"line":14,"column":40},"end":{"line":14,"column":68}}],"line":14}},"s":{"0":11,"1":7,"2":7,"3":7,"4":11,"5":2,"6":9,"7":2,"8":4},"f":{"0":11,"1":11},"b":{"0":[2,9],"1":[11,11],"2":[2,7],"3":[9,8]},"_coverageSchema":"1a1c01bbd47fc00a2c39e90264f33305004495a9","hash":"33414389f1f03380d7a254cab1ce13c7f377f78b"}
,"/home/rofinugraha/my-node-projects/auth-api/src/Domains/users/entities/LogoutUser.js": {"path":"/home/rofinugraha/my-node-projects/auth-api/src/Domains/users/entities/LogoutUser.js","statementMap":{"0":{"start":{"line":3,"column":4},"end":{"line":3,"column":39}},"1":{"start":{"line":4,"column":29},"end":{"line":4,"column":36}},"2":{"start":{"line":5,"column":4},"end":{"line":5,"column":37}},"3":{"start":{"line":9,"column":4},"end":{"line":11,"column":5}},"4":{"start":{"line":10,"column":6},"end":{"line":10,"column":66}},"5":{"start":{"line":13,"column":4},"end":{"line":15,"column":5}},"6":{"start":{"line":14,"column":6},"end":{"line":14,"column":70}},"7":{"start":{"line":19,"column":0},"end":{"line":19,"column":28}}},"fnMap":{"0":{"name":"(anonymous_0)","decl":{"start":{"line":2,"column":2},"end":{"line":2,"column":3}},"loc":{"start":{"line":2,"column":23},"end":{"line":6,"column":3}},"line":2},"1":{"name":"(anonymous_1)","decl":{"start":{"line":8,"column":2},"end":{"line":8,"column":3}},"loc":{"start":{"line":8,"column":41},"end":{"line":16,"column":3}},"line":8}},"branchMap":{"0":{"loc":{"start":{"line":9,"column":4},"end":{"line":11,"column":5}},"type":"if","locations":[{"start":{"line":9,"column":4},"end":{"line":11,"column":5}},{"start":{},"end":{}}],"line":9},"1":{"loc":{"start":{"line":13,"column":4},"end":{"line":15,"column":5}},"type":"if","locations":[{"start":{"line":13,"column":4},"end":{"line":15,"column":5}},{"start":{},"end":{}}],"line":13}},"s":{"0":9,"1":5,"2":5,"3":9,"4":2,"5":7,"6":2,"7":4},"f":{"0":9,"1":9},"b":{"0":[2,7],"1":[2,5]},"_coverageSchema":"1a1c01bbd47fc00a2c39e90264f33305004495a9","hash":"a95cc2d6d3256076c3444051c7164f05effd0760"}
,"/home/rofinugraha/my-node-projects/auth-api/src/Domains/users/entities/RefreshToken.js": {"path":"/home/rofinugraha/my-node-projects/auth-api/src/Domains/users/entities/RefreshToken.js","statementMap":{"0":{"start":{"line":3,"column":4},"end":{"line":3,"column":45}},"1":{"start":{"line":4,"column":29},"end":{"line":4,"column":36}},"2":{"start":{"line":5,"column":4},"end":{"line":5,"column":37}},"3":{"start":{"line":9,"column":4},"end":{"line":11,"column":5}},"4":{"start":{"line":10,"column":6},"end":{"line":10,"column":68}},"5":{"start":{"line":13,"column":4},"end":{"line":15,"column":5}},"6":{"start":{"line":14,"column":6},"end":{"line":14,"column":72}},"7":{"start":{"line":19,"column":0},"end":{"line":19,"column":30}}},"fnMap":{"0":{"name":"(anonymous_0)","decl":{"start":{"line":2,"column":2},"end":{"line":2,"column":3}},"loc":{"start":{"line":2,"column":23},"end":{"line":6,"column":3}},"line":2},"1":{"name":"(anonymous_1)","decl":{"start":{"line":8,"column":2},"end":{"line":8,"column":3}},"loc":{"start":{"line":8,"column":47},"end":{"line":16,"column":3}},"line":8}},"branchMap":{"0":{"loc":{"start":{"line":9,"column":4},"end":{"line":11,"column":5}},"type":"if","locations":[{"start":{"line":9,"column":4},"end":{"line":11,"column":5}},{"start":{},"end":{}}],"line":9},"1":{"loc":{"start":{"line":13,"column":4},"end":{"line":15,"column":5}},"type":"if","locations":[{"start":{"line":13,"column":4},"end":{"line":15,"column":5}},{"start":{},"end":{}}],"line":13}},"s":{"0":10,"1":4,"2":4,"3":10,"4":3,"5":7,"6":3,"7":4},"f":{"0":10,"1":10},"b":{"0":[3,7],"1":[3,4]},"_coverageSchema":"1a1c01bbd47fc00a2c39e90264f33305004495a9","hash":"06f6d92a6e15f1ff35f436c74a5e7768e1214b59"}
,"/home/rofinugraha/my-node-projects/auth-api/src/Domains/users/entities/RegisterUser.js": {"path":"/home/rofinugraha/my-node-projects/auth-api/src/Domains/users/entities/RegisterUser.js","statementMap":{"0":{"start":{"line":3,"column":4},"end":{"line":3,"column":41}},"1":{"start":{"line":5,"column":45},"end":{"line":5,"column":52}},"2":{"start":{"line":7,"column":4},"end":{"line":7,"column":29}},"3":{"start":{"line":8,"column":4},"end":{"line":8,"column":29}},"4":{"start":{"line":9,"column":4},"end":{"line":9,"column":29}},"5":{"start":{"line":13,"column":4},"end":{"line":15,"column":5}},"6":{"start":{"line":14,"column":6},"end":{"line":14,"column":68}},"7":{"start":{"line":17,"column":4},"end":{"line":19,"column":5}},"8":{"start":{"line":18,"column":6},"end":{"line":18,"column":72}},"9":{"start":{"line":21,"column":4},"end":{"line":23,"column":5}},"10":{"start":{"line":22,"column":6},"end":{"line":22,"column":59}},"11":{"start":{"line":25,"column":4},"end":{"line":27,"column":5}},"12":{"start":{"line":26,"column":6},"end":{"line":26,"column":78}},"13":{"start":{"line":31,"column":0},"end":{"line":31,"column":30}}},"fnMap":{"0":{"name":"(anonymous_0)","decl":{"start":{"line":2,"column":2},"end":{"line":2,"column":3}},"loc":{"start":{"line":2,"column":23},"end":{"line":10,"column":3}},"line":2},"1":{"name":"(anonymous_1)","decl":{"start":{"line":12,"column":2},"end":{"line":12,"column":3}},"loc":{"start":{"line":12,"column":59},"end":{"line":28,"column":3}},"line":12}},"branchMap":{"0":{"loc":{"start":{"line":13,"column":4},"end":{"line":15,"column":5}},"type":"if","locations":[{"start":{"line":13,"column":4},"end":{"line":15,"column":5}},{"start":{},"end":{}}],"line":13},"1":{"loc":{"start":{"line":13,"column":8},"end":{"line":13,"column":43}},"type":"binary-expr","locations":[{"start":{"line":13,"column":8},"end":{"line":13,"column":17}},{"start":{"line":13,"column":21},"end":{"line":13,"column":30}},{"start":{"line":13,"column":34},"end":{"line":13,"column":43}}],"line":13},"2":{"loc":{"start":{"line":17,"column":4},"end":{"line":19,"column":5}},"type":"if","locations":[{"start":{"line":17,"column":4},"end":{"line":19,"column":5}},{"start":{},"end":{}}],"line":17},"3":{"loc":{"start":{"line":17,"column":8},"end":{"line":17,"column":100}},"type":"binary-expr","locations":[{"start":{"line":17,"column":8},"end":{"line":17,"column":36}},{"start":{"line":17,"column":40},"end":{"line":17,"column":68}},{"start":{"line":17,"column":72},"end":{"line":17,"column":100}}],"line":17},"4":{"loc":{"start":{"line":21,"column":4},"end":{"line":23,"column":5}},"type":"if","locations":[{"start":{"line":21,"column":4},"end":{"line":23,"column":5}},{"start":{},"end":{}}],"line":21},"5":{"loc":{"start":{"line":25,"column":4},"end":{"line":27,"column":5}},"type":"if","locations":[{"start":{"line":25,"column":4},"end":{"line":27,"column":5}},{"start":{},"end":{}}],"line":25}},"s":{"0":18,"1":10,"2":10,"3":10,"4":10,"5":18,"6":2,"7":16,"8":2,"9":14,"10":2,"11":12,"12":2,"13":5},"f":{"0":18,"1":18},"b":{"0":[2,16],"1":[18,17,17],"2":[2,14],"3":[16,15,15],"4":[2,12],"5":[2,10]},"_coverageSchema":"1a1c01bbd47fc00a2c39e90264f33305004495a9","hash":"e7781d4b9cf40781020f436c35024688aa212375"}
,"/home/rofinugraha/my-node-projects/auth-api/src/Domains/users/entities/RegisteredUser.js": {"path":"/home/rofinugraha/my-node-projects/auth-api/src/Domains/users/entities/RegisteredUser.js","statementMap":{"0":{"start":{"line":3,"column":4},"end":{"line":3,"column":40}},"1":{"start":{"line":5,"column":39},"end":{"line":5,"column":46}},"2":{"start":{"line":7,"column":4},"end":{"line":7,"column":17}},"3":{"start":{"line":8,"column":4},"end":{"line":8,"column":29}},"4":{"start":{"line":9,"column":4},"end":{"line":9,"column":29}},"5":{"start":{"line":13,"column":4},"end":{"line":15,"column":5}},"6":{"start":{"line":14,"column":6},"end":{"line":14,"column":69}},"7":{"start":{"line":17,"column":4},"end":{"line":19,"column":5}},"8":{"start":{"line":18,"column":6},"end":{"line":18,"column":74}},"9":{"start":{"line":23,"column":0},"end":{"line":23,"column":32}}},"fnMap":{"0":{"name":"(anonymous_0)","decl":{"start":{"line":2,"column":2},"end":{"line":2,"column":3}},"loc":{"start":{"line":2,"column":23},"end":{"line":10,"column":3}},"line":2},"1":{"name":"(anonymous_1)","decl":{"start":{"line":12,"column":2},"end":{"line":12,"column":3}},"loc":{"start":{"line":12,"column":52},"end":{"line":20,"column":3}},"line":12}},"branchMap":{"0":{"loc":{"start":{"line":13,"column":4},"end":{"line":15,"column":5}},"type":"if","locations":[{"start":{"line":13,"column":4},"end":{"line":15,"column":5}},{"start":{},"end":{}}],"line":13},"1":{"loc":{"start":{"line":13,"column":8},"end":{"line":13,"column":37}},"type":"binary-expr","locations":[{"start":{"line":13,"column":8},"end":{"line":13,"column":11}},{"start":{"line":13,"column":15},"end":{"line":13,"column":24}},{"start":{"line":13,"column":28},"end":{"line":13,"column":37}}],"line":13},"2":{"loc":{"start":{"line":17,"column":4},"end":{"line":19,"column":5}},"type":"if","locations":[{"start":{"line":17,"column":4},"end":{"line":19,"column":5}},{"start":{},"end":{}}],"line":17},"3":{"loc":{"start":{"line":17,"column":8},"end":{"line":17,"column":94}},"type":"binary-expr","locations":[{"start":{"line":17,"column":8},"end":{"line":17,"column":30}},{"start":{"line":17,"column":34},"end":{"line":17,"column":62}},{"start":{"line":17,"column":66},"end":{"line":17,"column":94}}],"line":17}},"s":{"0":12,"1":10,"2":10,"3":10,"4":10,"5":12,"6":1,"7":11,"8":1,"9":5},"f":{"0":12,"1":12},"b":{"0":[1,11],"1":[12,11,11],"2":[1,10],"3":[11,10,10]},"_coverageSchema":"1a1c01bbd47fc00a2c39e90264f33305004495a9","hash":"f81b12f9dffcf5bd5779ac15005a462ca1763bc0"}
,"/home/rofinugraha/my-node-projects/auth-api/src/Infrastructures/http/createServer.js": {"path":"/home/rofinugraha/my-node-projects/auth-api/src/Infrastructures/http/createServer.js","statementMap":{"0":{"start":{"line":1,"column":13},"end":{"line":1,"column":34}},"1":{"start":{"line":2,"column":20},"end":{"line":2,"column":67}},"2":{"start":{"line":3,"column":30},"end":{"line":3,"column":87}},"3":{"start":{"line":4,"column":14},"end":{"line":4,"column":56}},"4":{"start":{"line":5,"column":24},"end":{"line":5,"column":76}},"5":{"start":{"line":7,"column":21},"end":{"line":59,"column":1}},"6":{"start":{"line":8,"column":17},"end":{"line":11,"column":4}},"7":{"start":{"line":13,"column":2},"end":{"line":22,"column":5}},"8":{"start":{"line":24,"column":2},"end":{"line":56,"column":5}},"9":{"start":{"line":25,"column":25},"end":{"line":25,"column":28}},"10":{"start":{"line":26,"column":4},"end":{"line":52,"column":5}},"11":{"start":{"line":28,"column":30},"end":{"line":28,"column":71}},"12":{"start":{"line":31,"column":6},"end":{"line":38,"column":7}},"13":{"start":{"line":32,"column":28},"end":{"line":35,"column":10}},"14":{"start":{"line":36,"column":8},"end":{"line":36,"column":53}},"15":{"start":{"line":37,"column":8},"end":{"line":37,"column":27}},"16":{"start":{"line":41,"column":6},"end":{"line":43,"column":7}},"17":{"start":{"line":42,"column":8},"end":{"line":42,"column":28}},"18":{"start":{"line":46,"column":26},"end":{"line":49,"column":8}},"19":{"start":{"line":50,"column":6},"end":{"line":50,"column":28}},"20":{"start":{"line":51,"column":6},"end":{"line":51,"column":25}},"21":{"start":{"line":55,"column":4},"end":{"line":55,"column":24}},"22":{"start":{"line":58,"column":2},"end":{"line":58,"column":16}},"23":{"start":{"line":61,"column":0},"end":{"line":61,"column":30}}},"fnMap":{"0":{"name":"(anonymous_0)","decl":{"start":{"line":7,"column":21},"end":{"line":7,"column":22}},"loc":{"start":{"line":7,"column":42},"end":{"line":59,"column":1}},"line":7},"1":{"name":"(anonymous_1)","decl":{"start":{"line":24,"column":30},"end":{"line":24,"column":31}},"loc":{"start":{"line":24,"column":44},"end":{"line":56,"column":3}},"line":24}},"branchMap":{"0":{"loc":{"start":{"line":26,"column":4},"end":{"line":52,"column":5}},"type":"if","locations":[{"start":{"line":26,"column":4},"end":{"line":52,"column":5}},{"start":{},"end":{}}],"line":26},"1":{"loc":{"start":{"line":31,"column":6},"end":{"line":38,"column":7}},"type":"if","locations":[{"start":{"line":31,"column":6},"end":{"line":38,"column":7}},{"start":{},"end":{}}],"line":31},"2":{"loc":{"start":{"line":41,"column":6},"end":{"line":43,"column":7}},"type":"if","locations":[{"start":{"line":41,"column":6},"end":{"line":43,"column":7}},{"start":{},"end":{}}],"line":41}},"s":{"0":2,"1":2,"2":2,"3":2,"4":2,"5":2,"6":22,"7":22,"8":22,"9":28,"10":28,"11":18,"12":18,"13":14,"14":14,"15":14,"16":4,"17":1,"18":3,"19":3,"20":3,"21":10,"22":22,"23":2},"f":{"0":22,"1":28},"b":{"0":[18,10],"1":[14,4],"2":[1,3]},"_coverageSchema":"1a1c01bbd47fc00a2c39e90264f33305004495a9","hash":"64769ca25a8dbb2f1da4774a34b4d1860192843f"}
,"/home/rofinugraha/my-node-projects/auth-api/src/Infrastructures/repositories/AuthRepositoryPostgres.js": {"path":"/home/rofinugraha/my-node-projects/auth-api/src/Infrastructures/repositories/AuthRepositoryPostgres.js","statementMap":{"0":{"start":{"line":1,"column":23},"end":{"line":1,"column":73}},"1":{"start":{"line":2,"column":23},"end":{"line":2,"column":78}},"2":{"start":{"line":6,"column":4},"end":{"line":6,"column":12}},"3":{"start":{"line":7,"column":4},"end":{"line":7,"column":22}},"4":{"start":{"line":11,"column":26},"end":{"line":14,"column":5}},"5":{"start":{"line":16,"column":4},"end":{"line":16,"column":42}},"6":{"start":{"line":20,"column":29},"end":{"line":23,"column":5}},"7":{"start":{"line":25,"column":19},"end":{"line":25,"column":59}},"8":{"start":{"line":26,"column":4},"end":{"line":28,"column":5}},"9":{"start":{"line":27,"column":6},"end":{"line":27,"column":76}},"10":{"start":{"line":32,"column":29},"end":{"line":35,"column":5}},"11":{"start":{"line":37,"column":4},"end":{"line":37,"column":45}},"12":{"start":{"line":41,"column":0},"end":{"line":41,"column":40}}},"fnMap":{"0":{"name":"(anonymous_0)","decl":{"start":{"line":5,"column":2},"end":{"line":5,"column":3}},"loc":{"start":{"line":5,"column":20},"end":{"line":8,"column":3}},"line":5},"1":{"name":"(anonymous_1)","decl":{"start":{"line":10,"column":2},"end":{"line":10,"column":3}},"loc":{"start":{"line":10,"column":31},"end":{"line":17,"column":3}},"line":10},"2":{"name":"(anonymous_2)","decl":{"start":{"line":19,"column":2},"end":{"line":19,"column":3}},"loc":{"start":{"line":19,"column":33},"end":{"line":29,"column":3}},"line":19},"3":{"name":"(anonymous_3)","decl":{"start":{"line":31,"column":2},"end":{"line":31,"column":3}},"loc":{"start":{"line":31,"column":34},"end":{"line":38,"column":3}},"line":31}},"branchMap":{"0":{"loc":{"start":{"line":26,"column":4},"end":{"line":28,"column":5}},"type":"if","locations":[{"start":{"line":26,"column":4},"end":{"line":28,"column":5}},{"start":{},"end":{}}],"line":26},"1":{"loc":{"start":{"line":26,"column":8},"end":{"line":26,"column":52}},"type":"binary-expr","locations":[{"start":{"line":26,"column":8},"end":{"line":26,"column":24}},{"start":{"line":26,"column":28},"end":{"line":26,"column":52}}],"line":26}},"s":{"0":3,"1":3,"2":6,"3":6,"4":3,"5":3,"6":6,"7":6,"8":6,"9":2,"10":3,"11":3,"12":3},"f":{"0":6,"1":3,"2":6,"3":3},"b":{"0":[2,4],"1":[6,4]},"_coverageSchema":"1a1c01bbd47fc00a2c39e90264f33305004495a9","hash":"6295bf4feba42bfdd0462003cd4828c36c527f6e"}
,"/home/rofinugraha/my-node-projects/auth-api/src/Infrastructures/repositories/UserRepositoryPostgres.js": {"path":"/home/rofinugraha/my-node-projects/auth-api/src/Infrastructures/repositories/UserRepositoryPostgres.js","statementMap":{"0":{"start":{"line":1,"column":23},"end":{"line":1,"column":73}},"1":{"start":{"line":2,"column":23},"end":{"line":2,"column":77}},"2":{"start":{"line":3,"column":23},"end":{"line":3,"column":68}},"3":{"start":{"line":7,"column":4},"end":{"line":7,"column":12}},"4":{"start":{"line":8,"column":4},"end":{"line":8,"column":22}},"5":{"start":{"line":9,"column":4},"end":{"line":9,"column":36}},"6":{"start":{"line":13,"column":18},"end":{"line":16,"column":5}},"7":{"start":{"line":17,"column":19},"end":{"line":17,"column":48}},"8":{"start":{"line":18,"column":4},"end":{"line":20,"column":5}},"9":{"start":{"line":19,"column":6},"end":{"line":19,"column":58}},"10":{"start":{"line":24,"column":45},"end":{"line":24,"column":57}},"11":{"start":{"line":25,"column":15},"end":{"line":25,"column":46}},"12":{"start":{"line":27,"column":18},"end":{"line":31,"column":5}},"13":{"start":{"line":33,"column":19},"end":{"line":33,"column":48}},"14":{"start":{"line":34,"column":4},"end":{"line":34,"column":53}},"15":{"start":{"line":38,"column":18},"end":{"line":41,"column":5}},"16":{"start":{"line":43,"column":19},"end":{"line":43,"column":48}},"17":{"start":{"line":45,"column":4},"end":{"line":47,"column":5}},"18":{"start":{"line":46,"column":6},"end":{"line":46,"column":59}},"19":{"start":{"line":49,"column":4},"end":{"line":49,"column":35}},"20":{"start":{"line":53,"column":18},"end":{"line":56,"column":5}},"21":{"start":{"line":58,"column":19},"end":{"line":58,"column":48}},"22":{"start":{"line":60,"column":4},"end":{"line":62,"column":5}},"23":{"start":{"line":61,"column":6},"end":{"line":61,"column":59}},"24":{"start":{"line":64,"column":19},"end":{"line":64,"column":33}},"25":{"start":{"line":66,"column":4},"end":{"line":66,"column":14}},"26":{"start":{"line":70,"column":0},"end":{"line":70,"column":40}}},"fnMap":{"0":{"name":"(anonymous_0)","decl":{"start":{"line":6,"column":2},"end":{"line":6,"column":3}},"loc":{"start":{"line":6,"column":33},"end":{"line":10,"column":3}},"line":6},"1":{"name":"(anonymous_1)","decl":{"start":{"line":12,"column":2},"end":{"line":12,"column":3}},"loc":{"start":{"line":12,"column":45},"end":{"line":21,"column":3}},"line":12},"2":{"name":"(anonymous_2)","decl":{"start":{"line":23,"column":2},"end":{"line":23,"column":3}},"loc":{"start":{"line":23,"column":30},"end":{"line":35,"column":3}},"line":23},"3":{"name":"(anonymous_3)","decl":{"start":{"line":37,"column":2},"end":{"line":37,"column":3}},"loc":{"start":{"line":37,"column":30},"end":{"line":50,"column":3}},"line":37},"4":{"name":"(anonymous_4)","decl":{"start":{"line":52,"column":2},"end":{"line":52,"column":3}},"loc":{"start":{"line":52,"column":24},"end":{"line":67,"column":3}},"line":52}},"branchMap":{"0":{"loc":{"start":{"line":18,"column":4},"end":{"line":20,"column":5}},"type":"if","locations":[{"start":{"line":18,"column":4},"end":{"line":20,"column":5}},{"start":{},"end":{}}],"line":18},"1":{"loc":{"start":{"line":45,"column":4},"end":{"line":47,"column":5}},"type":"if","locations":[{"start":{"line":45,"column":4},"end":{"line":47,"column":5}},{"start":{},"end":{}}],"line":45},"2":{"loc":{"start":{"line":60,"column":4},"end":{"line":62,"column":5}},"type":"if","locations":[{"start":{"line":60,"column":4},"end":{"line":62,"column":5}},{"start":{},"end":{}}],"line":60}},"s":{"0":3,"1":3,"2":3,"3":10,"4":10,"5":10,"6":8,"7":8,"8":8,"9":2,"10":6,"11":6,"12":6,"13":6,"14":6,"15":7,"16":7,"17":7,"18":3,"19":4,"20":4,"21":4,"22":4,"23":1,"24":3,"25":3,"26":3},"f":{"0":10,"1":8,"2":6,"3":7,"4":4},"b":{"0":[2,6],"1":[3,4],"2":[1,3]},"_coverageSchema":"1a1c01bbd47fc00a2c39e90264f33305004495a9","hash":"8586a9f162950b4604563d015045fb7caf8c5619"}
,"/home/rofinugraha/my-node-projects/auth-api/src/Infrastructures/security/BcryptPasswordHash.js": {"path":"/home/rofinugraha/my-node-projects/auth-api/src/Infrastructures/security/BcryptPasswordHash.js","statementMap":{"0":{"start":{"line":1,"column":21},"end":{"line":1,"column":72}},"1":{"start":{"line":2,"column":28},"end":{"line":2,"column":83}},"2":{"start":{"line":6,"column":4},"end":{"line":6,"column":12}},"3":{"start":{"line":7,"column":4},"end":{"line":7,"column":26}},"4":{"start":{"line":8,"column":4},"end":{"line":8,"column":32}},"5":{"start":{"line":12,"column":4},"end":{"line":12,"column":56}},"6":{"start":{"line":16,"column":28},"end":{"line":16,"column":80}},"7":{"start":{"line":18,"column":4},"end":{"line":20,"column":5}},"8":{"start":{"line":19,"column":6},"end":{"line":19,"column":66}},"9":{"start":{"line":24,"column":0},"end":{"line":24,"column":36}}},"fnMap":{"0":{"name":"(anonymous_0)","decl":{"start":{"line":5,"column":2},"end":{"line":5,"column":3}},"loc":{"start":{"line":5,"column":38},"end":{"line":9,"column":3}},"line":5},"1":{"name":"(anonymous_1)","decl":{"start":{"line":11,"column":2},"end":{"line":11,"column":3}},"loc":{"start":{"line":11,"column":23},"end":{"line":13,"column":3}},"line":11},"2":{"name":"(anonymous_2)","decl":{"start":{"line":15,"column":2},"end":{"line":15,"column":3}},"loc":{"start":{"line":15,"column":42},"end":{"line":21,"column":3}},"line":15}},"branchMap":{"0":{"loc":{"start":{"line":5,"column":22},"end":{"line":5,"column":36}},"type":"default-arg","locations":[{"start":{"line":5,"column":34},"end":{"line":5,"column":36}}],"line":5},"1":{"loc":{"start":{"line":18,"column":4},"end":{"line":20,"column":5}},"type":"if","locations":[{"start":{"line":18,"column":4},"end":{"line":20,"column":5}},{"start":{},"end":{}}],"line":18}},"s":{"0":3,"1":3,"2":6,"3":6,"4":6,"5":7,"6":5,"7":5,"8":2,"9":3},"f":{"0":6,"1":7,"2":5},"b":{"0":[6],"1":[2,3]},"_coverageSchema":"1a1c01bbd47fc00a2c39e90264f33305004495a9","hash":"0b6d763bb2e02b939d3f687a238dbeb2356492fe"}
,"/home/rofinugraha/my-node-projects/auth-api/src/Infrastructures/security/JwtTokenManager.js": {"path":"/home/rofinugraha/my-node-projects/auth-api/src/Infrastructures/security/JwtTokenManager.js","statementMap":{"0":{"start":{"line":1,"column":21},"end":{"line":1,"column":72}},"1":{"start":{"line":2,"column":23},"end":{"line":2,"column":73}},"2":{"start":{"line":6,"column":4},"end":{"line":6,"column":12}},"3":{"start":{"line":7,"column":4},"end":{"line":7,"column":20}},"4":{"start":{"line":11,"column":4},"end":{"line":11,"column":69}},"5":{"start":{"line":15,"column":4},"end":{"line":15,"column":70}},"6":{"start":{"line":19,"column":4},"end":{"line":24,"column":5}},"7":{"start":{"line":20,"column":24},"end":{"line":20,"column":54}},"8":{"start":{"line":21,"column":6},"end":{"line":21,"column":65}},"9":{"start":{"line":23,"column":6},"end":{"line":23,"column":60}},"10":{"start":{"line":28,"column":22},"end":{"line":28,"column":52}},"11":{"start":{"line":29,"column":4},"end":{"line":29,"column":37}},"12":{"start":{"line":33,"column":0},"end":{"line":33,"column":33}}},"fnMap":{"0":{"name":"(anonymous_0)","decl":{"start":{"line":5,"column":2},"end":{"line":5,"column":3}},"loc":{"start":{"line":5,"column":19},"end":{"line":8,"column":3}},"line":5},"1":{"name":"(anonymous_1)","decl":{"start":{"line":10,"column":2},"end":{"line":10,"column":3}},"loc":{"start":{"line":10,"column":37},"end":{"line":12,"column":3}},"line":10},"2":{"name":"(anonymous_2)","decl":{"start":{"line":14,"column":2},"end":{"line":14,"column":3}},"loc":{"start":{"line":14,"column":38},"end":{"line":16,"column":3}},"line":14},"3":{"name":"(anonymous_3)","decl":{"start":{"line":18,"column":2},"end":{"line":18,"column":3}},"loc":{"start":{"line":18,"column":41},"end":{"line":25,"column":3}},"line":18},"4":{"name":"(anonymous_4)","decl":{"start":{"line":27,"column":2},"end":{"line":27,"column":3}},"loc":{"start":{"line":27,"column":36},"end":{"line":30,"column":3}},"line":27}},"branchMap":{},"s":{"0":3,"1":3,"2":7,"3":7,"4":6,"5":4,"6":4,"7":4,"8":2,"9":2,"10":2,"11":2,"12":3},"f":{"0":7,"1":6,"2":4,"3":4,"4":2},"b":{},"_coverageSchema":"1a1c01bbd47fc00a2c39e90264f33305004495a9","hash":"a2c990a36ad0e1856e75696f210123615b747e53"}
,"/home/rofinugraha/my-node-projects/auth-api/src/Interfaces/http/api/authentications/handler.js": {"path":"/home/rofinugraha/my-node-projects/auth-api/src/Interfaces/http/api/authentications/handler.js","statementMap":{"0":{"start":{"line":1,"column":21},"end":{"line":1,"column":79}},"1":{"start":{"line":2,"column":22},"end":{"line":2,"column":81}},"2":{"start":{"line":3,"column":28},"end":{"line":3,"column":93}},"3":{"start":{"line":7,"column":4},"end":{"line":7,"column":32}},"4":{"start":{"line":11,"column":25},"end":{"line":11,"column":71}},"5":{"start":{"line":12,"column":42},"end":{"line":12,"column":81}},"6":{"start":{"line":13,"column":21},"end":{"line":17,"column":6}},"7":{"start":{"line":18,"column":4},"end":{"line":18,"column":23}},"8":{"start":{"line":19,"column":4},"end":{"line":19,"column":20}},"9":{"start":{"line":23,"column":32},"end":{"line":23,"column":85}},"10":{"start":{"line":24,"column":24},"end":{"line":24,"column":70}},"11":{"start":{"line":25,"column":4},"end":{"line":29,"column":6}},"12":{"start":{"line":33,"column":26},"end":{"line":33,"column":73}},"13":{"start":{"line":34,"column":4},"end":{"line":34,"column":45}},"14":{"start":{"line":35,"column":4},"end":{"line":38,"column":6}},"15":{"start":{"line":42,"column":0},"end":{"line":42,"column":40}}},"fnMap":{"0":{"name":"(anonymous_0)","decl":{"start":{"line":6,"column":2},"end":{"line":6,"column":3}},"loc":{"start":{"line":6,"column":25},"end":{"line":8,"column":3}},"line":6},"1":{"name":"(anonymous_1)","decl":{"start":{"line":10,"column":2},"end":{"line":10,"column":3}},"loc":{"start":{"line":10,"column":44},"end":{"line":20,"column":3}},"line":10},"2":{"name":"(anonymous_2)","decl":{"start":{"line":22,"column":2},"end":{"line":22,"column":3}},"loc":{"start":{"line":22,"column":38},"end":{"line":30,"column":3}},"line":22},"3":{"name":"(anonymous_3)","decl":{"start":{"line":32,"column":2},"end":{"line":32,"column":3}},"loc":{"start":{"line":32,"column":41},"end":{"line":39,"column":3}},"line":32}},"branchMap":{},"s":{"0":2,"1":2,"2":2,"3":22,"4":7,"5":7,"6":2,"7":2,"8":2,"9":4,"10":4,"11":1,"12":5,"13":5,"14":2,"15":2},"f":{"0":22,"1":7,"2":4,"3":5},"b":{},"_coverageSchema":"1a1c01bbd47fc00a2c39e90264f33305004495a9","hash":"dcc6578d4403573c00c8f598a6eaca997c0bf8e6"}
,"/home/rofinugraha/my-node-projects/auth-api/src/Interfaces/http/api/authentications/index.js": {"path":"/home/rofinugraha/my-node-projects/auth-api/src/Interfaces/http/api/authentications/index.js","statementMap":{"0":{"start":{"line":1,"column":31},"end":{"line":1,"column":51}},"1":{"start":{"line":2,"column":15},"end":{"line":2,"column":34}},"2":{"start":{"line":4,"column":0},"end":{"line":10,"column":2}},"3":{"start":{"line":7,"column":35},"end":{"line":7,"column":72}},"4":{"start":{"line":8,"column":4},"end":{"line":8,"column":49}}},"fnMap":{"0":{"name":"(anonymous_0)","decl":{"start":{"line":6,"column":12},"end":{"line":6,"column":13}},"loc":{"start":{"line":6,"column":45},"end":{"line":9,"column":3}},"line":6}},"branchMap":{},"s":{"0":2,"1":2,"2":2,"3":22,"4":22},"f":{"0":22},"b":{},"_coverageSchema":"1a1c01bbd47fc00a2c39e90264f33305004495a9","hash":"af4d2a32b307460023622220bb6c477b95318249"}
,"/home/rofinugraha/my-node-projects/auth-api/src/Interfaces/http/api/authentications/routes.js": {"path":"/home/rofinugraha/my-node-projects/auth-api/src/Interfaces/http/api/authentications/routes.js","statementMap":{"0":{"start":{"line":1,"column":15},"end":{"line":17,"column":1}},"1":{"start":{"line":1,"column":28},"end":{"line":17,"column":1}},"2":{"start":{"line":5,"column":27},"end":{"line":5,"column":70}},"3":{"start":{"line":10,"column":27},"end":{"line":10,"column":69}},"4":{"start":{"line":15,"column":27},"end":{"line":15,"column":72}},"5":{"start":{"line":19,"column":0},"end":{"line":19,"column":24}}},"fnMap":{"0":{"name":"(anonymous_0)","decl":{"start":{"line":1,"column":15},"end":{"line":1,"column":16}},"loc":{"start":{"line":1,"column":28},"end":{"line":17,"column":1}},"line":1},"1":{"name":"(anonymous_1)","decl":{"start":{"line":5,"column":13},"end":{"line":5,"column":14}},"loc":{"start":{"line":5,"column":27},"end":{"line":5,"column":70}},"line":5},"2":{"name":"(anonymous_2)","decl":{"start":{"line":10,"column":13},"end":{"line":10,"column":14}},"loc":{"start":{"line":10,"column":27},"end":{"line":10,"column":69}},"line":10},"3":{"name":"(anonymous_3)","decl":{"start":{"line":15,"column":13},"end":{"line":15,"column":14}},"loc":{"start":{"line":15,"column":27},"end":{"line":15,"column":72}},"line":15}},"branchMap":{},"s":{"0":2,"1":22,"2":7,"3":4,"4":5,"5":2},"f":{"0":22,"1":7,"2":4,"3":5},"b":{},"_coverageSchema":"1a1c01bbd47fc00a2c39e90264f33305004495a9","hash":"fff2b35d723c7ae14728c11446694929f7c74fdc"}
,"/home/rofinugraha/my-node-projects/auth-api/src/Interfaces/http/api/users/handler.js": {"path":"/home/rofinugraha/my-node-projects/auth-api/src/Interfaces/http/api/users/handler.js","statementMap":{"0":{"start":{"line":1,"column":23},"end":{"line":1,"column":83}},"1":{"start":{"line":5,"column":4},"end":{"line":5,"column":32}},"2":{"start":{"line":9,"column":27},"end":{"line":9,"column":75}},"3":{"start":{"line":10,"column":22},"end":{"line":10,"column":63}},"4":{"start":{"line":11,"column":21},"end":{"line":16,"column":6}},"5":{"start":{"line":17,"column":4},"end":{"line":17,"column":23}},"6":{"start":{"line":18,"column":4},"end":{"line":18,"column":20}},"7":{"start":{"line":22,"column":0},"end":{"line":22,"column":30}}},"fnMap":{"0":{"name":"(anonymous_0)","decl":{"start":{"line":4,"column":2},"end":{"line":4,"column":3}},"loc":{"start":{"line":4,"column":25},"end":{"line":6,"column":3}},"line":4},"1":{"name":"(anonymous_1)","decl":{"start":{"line":8,"column":2},"end":{"line":8,"column":3}},"loc":{"start":{"line":8,"column":34},"end":{"line":19,"column":3}},"line":8}},"branchMap":{},"s":{"0":2,"1":22,"2":11,"3":10,"4":5,"5":5,"6":5,"7":2},"f":{"0":22,"1":11},"b":{},"_coverageSchema":"1a1c01bbd47fc00a2c39e90264f33305004495a9","hash":"80445c656d857307b4457fbfd0cf34908b6c2ddb"}
,"/home/rofinugraha/my-node-projects/auth-api/src/Interfaces/http/api/users/index.js": {"path":"/home/rofinugraha/my-node-projects/auth-api/src/Interfaces/http/api/users/index.js","statementMap":{"0":{"start":{"line":1,"column":15},"end":{"line":1,"column":34}},"1":{"start":{"line":2,"column":21},"end":{"line":2,"column":41}},"2":{"start":{"line":4,"column":0},"end":{"line":10,"column":2}},"3":{"start":{"line":7,"column":25},"end":{"line":7,"column":52}},"4":{"start":{"line":8,"column":4},"end":{"line":8,"column":39}}},"fnMap":{"0":{"name":"(anonymous_0)","decl":{"start":{"line":6,"column":12},"end":{"line":6,"column":13}},"loc":{"start":{"line":6,"column":45},"end":{"line":9,"column":3}},"line":6}},"branchMap":{},"s":{"0":2,"1":2,"2":2,"3":22,"4":22},"f":{"0":22},"b":{},"_coverageSchema":"1a1c01bbd47fc00a2c39e90264f33305004495a9","hash":"aac963c6e922dc9509964863b2eb1d86b02659cf"}
,"/home/rofinugraha/my-node-projects/auth-api/src/Interfaces/http/api/users/routes.js": {"path":"/home/rofinugraha/my-node-projects/auth-api/src/Interfaces/http/api/users/routes.js","statementMap":{"0":{"start":{"line":1,"column":15},"end":{"line":7,"column":1}},"1":{"start":{"line":1,"column":28},"end":{"line":7,"column":1}},"2":{"start":{"line":5,"column":27},"end":{"line":5,"column":60}},"3":{"start":{"line":9,"column":0},"end":{"line":9,"column":24}}},"fnMap":{"0":{"name":"(anonymous_0)","decl":{"start":{"line":1,"column":15},"end":{"line":1,"column":16}},"loc":{"start":{"line":1,"column":28},"end":{"line":7,"column":1}},"line":1},"1":{"name":"(anonymous_1)","decl":{"start":{"line":5,"column":13},"end":{"line":5,"column":14}},"loc":{"start":{"line":5,"column":27},"end":{"line":5,"column":60}},"line":5}},"branchMap":{},"s":{"0":2,"1":22,"2":11,"3":2},"f":{"0":22,"1":11},"b":{},"_coverageSchema":"1a1c01bbd47fc00a2c39e90264f33305004495a9","hash":"4606196aa90da4d56778105f7d34a16abd956ab2"}
}
