TN:
SF:src/Commons/exceptions/AuthenticationError.js
FN:4,(anonymous_0)
FNF:1
FNH:1
FNDA:1,(anonymous_0)
DA:1,1
DA:5,1
DA:6,1
DA:10,1
LF:4
LH:4
BRF:0
BRH:0
end_of_record
TN:
SF:src/Commons/exceptions/ClientError.js
FN:2,(anonymous_0)
FNF:1
FNH:1
FNDA:4,(anonymous_0)
DA:3,4
DA:5,4
DA:6,1
DA:9,3
DA:10,3
DA:14,4
LF:6
LH:6
BRDA:2,0,0,2
BRDA:5,1,0,1
BRDA:5,1,1,3
BRF:3
BRH:3
end_of_record
TN:
SF:src/Commons/exceptions/InvariantError.js
FN:4,(anonymous_0)
FNF:1
FNH:1
FNDA:1,(anonymous_0)
DA:1,1
DA:5,1
DA:6,1
DA:10,1
LF:4
LH:4
BRF:0
BRH:0
end_of_record
TN:
SF:src/Commons/exceptions/NotFoundError.js
FN:4,(anonymous_0)
FNF:1
FNH:1
FNDA:1,(anonymous_0)
DA:1,1
DA:5,1
DA:6,1
DA:10,1
LF:4
LH:4
BRF:0
BRH:0
end_of_record
TN:
SF:src/Domains/users/entities/RegisterUser.js
FN:2,(anonymous_0)
FNF:1
FNH:1
FNDA:5,(anonymous_0)
DA:3,5
DA:4,1
DA:7,4
DA:8,1
DA:11,3
DA:12,1
DA:15,2
DA:16,1
DA:19,1
DA:20,1
DA:21,1
DA:25,1
LF:12
LH:12
BRDA:3,0,0,1
BRDA:3,0,1,4
BRDA:3,1,0,5
BRDA:3,1,1,5
BRDA:3,1,2,5
BRDA:7,2,0,1
BRDA:7,2,1,3
BRDA:7,3,0,4
BRDA:7,3,1,3
BRDA:7,3,2,3
BRDA:11,4,0,1
BRDA:11,4,1,2
BRDA:15,5,0,1
BRDA:15,5,1,1
BRF:14
BRH:14
end_of_record
